        -:    0:Source:train.c
        -:    0:Graph:train.gcno
        -:    0:Data:train.gcda
        -:    0:Runs:1
        -:    0:Programs:1
        -:    1:#include<stdio.h>
        1:    2:void main()
        -:    3:{
        -:    4:int a,b,c,d;
        1:    5:printf("Enter number a :");
        1:    6:scanf("%d",&a);
        1:    7:printf("Enter number b :");
        1:    8:scanf("%d",&b);
        1:    9:printf("Enter number c :");
        1:   10:scanf("%d",&c);
        1:   11:printf("Enter number d :");
        1:   12:scanf("%d",&d);
        -:   13:
        1:   14:if(a>b && a>c && a>d)
        -:   15:{
    #####:   16:printf("a is max");
        -:   17:}
        1:   18:else if(b>a && b>c && b>d)
        -:   19:{
    #####:   20:printf("b is max");
        -:   21:}
        1:   22:else if(c>a && c>b && c>d)
        -:   23:{
        1:   24:printf("c is max");
        -:   25:}
        -:   26:else 
        -:   27:{
    #####:   28:printf("d is max\n");
        -:   29:}
        1:   30:}//Hello Vim
        -:   31:
        -:   32:
